2022.05.04 15:22:21 INFO  tracing is disabled for protocol LSP, to enable tracing of incoming and outgoing JSON messages create an empty file at d:\o2assignment\DataDashboard_1022029\.metals\lsp.trace.json or C:\Users\Hung Nguyen\AppData\Local\scalameta\metals\cache\lsp.trace.json
2022.05.04 15:22:22 INFO  logging to file D:\o2assignment\DataDashboard_1022029\.metals\metals.log
2022.05.04 15:22:22 INFO  Started: Metals version 0.11.5 in workspace 'D:\o2assignment\DataDashboard_1022029' for client Visual Studio Code 1.66.2.
2022.05.04 15:22:24 INFO  time: initialize in 2.06s
2022.05.04 15:22:24 WARN  Flyway upgrade recommended: H2 2.1.212 is newer than this version of Flyway and support has not been tested. The latest supported version of H2 is 2.1.210.
2022.05.04 15:22:24 WARN  Build server is not auto-connectable.
2022.05.04 15:22:26 WARN  no build target for: D:\o2assignment\DataDashboard_1022029\src\main\scala\DataTable.scala
2022.05.04 15:22:27 INFO  running 'C:\Program Files\Eclipse Adoptium\jdk-11.0.14.101-hotspot\bin\java -Djline.terminal=jline.UnsupportedTerminal -Dsbt.log.noformat=true -Dfile.encoding=UTF-8 -jar C:\Users\HUNGNG~1\AppData\Local\Temp\metals589379751850225503\sbt-launch.jar -Dbloop.export-jar-classifiers=sources bloopInstall'
2022.05.04 15:22:29 INFO  no build target found for D:\o2assignment\DataDashboard_1022029\src\main\scala\DataTable.scala. Using presentation compiler with project's scala-library version: 3.1.2
2022.05.04 15:22:30 INFO  [info] welcome to sbt 1.3.13 (Eclipse Adoptium Java 11.0.14.1)
2022.05.04 15:22:32 INFO  [info] loading global plugins from C:\Users\Hung Nguyen\.sbt\1.0\plugins
2022.05.04 15:22:32 INFO  time: code lens generation in 5.62s
2022.05.04 15:22:32 INFO  time: code lens generation in 5.62s
2022.05.04 15:22:32 INFO  time: code lens generation in 4.85s
2022.05.04 15:22:32 INFO  time: code lens generation in 4.85s
2022.05.04 15:22:35 INFO  [info] loading settings for project datadashboard_1022029-build-build from metals.sbt ...
2022.05.04 15:22:35 INFO  [info] loading project definition from D:\o2assignment\DataDashboard_1022029\project\project
2022.05.04 15:22:37 INFO  [warn] There may be incompatibilities among your library dependencies; run 'evicted' to see detailed eviction warnings.
2022.05.04 15:22:37 INFO  [info] loading settings for project datadashboard_1022029-build from metals.sbt ...
2022.05.04 15:22:37 INFO  [info] loading project definition from D:\o2assignment\DataDashboard_1022029\project
2022.05.04 15:22:39 INFO  [warn] There may be incompatibilities among your library dependencies; run 'evicted' to see detailed eviction warnings.
2022.05.04 15:22:39 INFO  [warn] There may be incompatibilities among your library dependencies; run 'evicted' to see detailed eviction warnings.
2022.05.04 15:22:39 INFO  [success] Generated .bloop\datadashboard_1022029-build.json
2022.05.04 15:22:39 INFO  [success] Total time: 1 s, completed May 4, 2022, 3:22:39 PM
2022.05.04 15:22:39 INFO  [warn] There may be incompatibilities among your library dependencies; run 'evicted' to see detailed eviction warnings.
2022.05.04 15:22:41 INFO  [info] loading settings for project datadashboard_1022029 from build.sbt ...
2022.05.04 15:22:41 INFO  [info] set current project to Project (in build file:/D:/o2assignment/DataDashboard_1022029/)
2022.05.04 15:22:41 INFO  [success] Generated .bloop\datadashboard_1022029.json
2022.05.04 15:22:41 INFO  [success] Generated .bloop\datadashboard_1022029-test.json
2022.05.04 15:22:41 INFO  [success] Total time: 0 s, completed May 4, 2022, 3:22:42 PM
2022.05.04 15:22:42 INFO  time: ran 'sbt bloopInstall' in 15s
2022.05.04 15:22:42 INFO  Attempting to connect to the build server...
2022.05.04 15:22:42 INFO  tracing is disabled for protocol BSP, to enable tracing of incoming and outgoing JSON messages create an empty file at D:\o2assignment\DataDashboard_1022029\.metals\bsp.trace.json or C:\Users\Hung Nguyen\AppData\Local\scalameta\metals\cache\bsp.trace.json
2022.05.04 15:22:47 INFO  Attempting to connect to the build server...
2022.05.04 15:22:47 INFO  tracing is disabled for protocol BSP, to enable tracing of incoming and outgoing JSON messages create an empty file at D:\o2assignment\DataDashboard_1022029\project\.metals\bsp.trace.json or C:\Users\Hung Nguyen\AppData\Local\scalameta\metals\cache\bsp.trace.json
2022.05.04 15:22:49 INFO  time: Connected to build server in 6.84s
2022.05.04 15:22:49 INFO  Connected to Build server: Bloop v1.5.0
2022.05.04 15:22:55 INFO  time: indexed workspace in 6.22s
2022.05.04 15:22:56 INFO  compiling datadashboard_1022029 (4 scala sources)
2022.05.04 15:22:58 INFO  Deduplicating compilation of datadashboard_1022029 from bsp client 'Metals 0.11.5' (since 15.812s)
May 04, 2022 3:22:58 PM org.eclipse.lsp4j.jsonrpc.RemoteEndpoint fallbackResponseError
SEVERE: Internal error: scala.meta.internal.metals.debug.DebugProvider$SemanticDbNotFoundException$: Build misconfiguration. No semanticdb can be found for you file, please check the doctor.
java.util.concurrent.CompletionException: scala.meta.internal.metals.debug.DebugProvider$SemanticDbNotFoundException$: Build misconfiguration. No semanticdb can be found for you file, please check the doctor.
	at java.base/java.util.concurrent.CompletableFuture.encodeThrowable(CompletableFuture.java:331)
	at java.base/java.util.concurrent.CompletableFuture.uniAcceptNow(CompletableFuture.java:743)
	at java.base/java.util.concurrent.CompletableFuture.uniAcceptStage(CompletableFuture.java:731)
	at java.base/java.util.concurrent.CompletableFuture.thenAcceptAsync(CompletableFuture.java:2112)
	at scala.concurrent.java8.FuturesConvertersImpl$CF.thenAccept(FutureConvertersImpl.scala:37)
	at org.eclipse.lsp4j.jsonrpc.RemoteEndpoint.handleRequest(RemoteEndpoint.java:279)
	at org.eclipse.lsp4j.jsonrpc.RemoteEndpoint.consume(RemoteEndpoint.java:190)
	at org.eclipse.lsp4j.jsonrpc.json.StreamMessageProducer.handleMessage(StreamMessageProducer.java:194)
	at org.eclipse.lsp4j.jsonrpc.json.StreamMessageProducer.listen(StreamMessageProducer.java:94)
	at org.eclipse.lsp4j.jsonrpc.json.ConcurrentMessageProcessor.run(ConcurrentMessageProcessor.java:113)
	at java.base/java.util.concurrent.Executors$RunnableAdapter.call(Executors.java:515)
	at java.base/java.util.concurrent.FutureTask.run(FutureTask.java:264)
	at java.base/java.util.concurrent.ThreadPoolExecutor.runWorker(ThreadPoolExecutor.java:1128)
	at java.base/java.util.concurrent.ThreadPoolExecutor$Worker.run(ThreadPoolExecutor.java:628)
	at java.base/java.lang.Thread.run(Thread.java:829)
Caused by: scala.meta.internal.metals.debug.DebugProvider$SemanticDbNotFoundException$: Build misconfiguration. No semanticdb can be found for you file, please check the doctor.
	at scala.meta.internal.metals.debug.DebugProvider$SemanticDbNotFoundException$.<clinit>(DebugProvider.scala:849)
	at scala.meta.internal.metals.debug.DebugProvider.$anonfun$resolveInFile$1(DebugProvider.scala:319)
	at scala.Option.fold(Option.scala:263)
	at scala.meta.internal.metals.debug.DebugProvider.resolveInFile(DebugProvider.scala:320)
	at scala.meta.internal.metals.debug.DebugProvider.debugDiscovery(DebugProvider.scala:404)
	at scala.meta.internal.metals.MetalsLanguageServer.executeCommand(MetalsLanguageServer.scala:1853)
	at java.base/jdk.internal.reflect.NativeMethodAccessorImpl.invoke0(Native Method)
	at java.base/jdk.internal.reflect.NativeMethodAccessorImpl.invoke(NativeMethodAccessorImpl.java:62)
	at java.base/jdk.internal.reflect.DelegatingMethodAccessorImpl.invoke(DelegatingMethodAccessorImpl.java:43)
	at java.base/java.lang.reflect.Method.invoke(Method.java:566)
	at org.eclipse.lsp4j.jsonrpc.services.GenericEndpoint.lambda$null$0(GenericEndpoint.java:65)
	at org.eclipse.lsp4j.jsonrpc.services.GenericEndpoint.request(GenericEndpoint.java:120)
	at org.eclipse.lsp4j.jsonrpc.RemoteEndpoint.handleRequest(RemoteEndpoint.java:261)
	... 9 more

2022.05.04 15:22:58 INFO  compiling datadashboard_1022029 (4 scala sources)
2022.05.04 15:23:03 ERROR code navigation does not work for the file 'D:\o2assignment\DataDashboard_1022029\src\main\scala\DataTable.scala' because the build target datadashboard_1022029 is being compiled. Wait until compilation is finished and try again.
May 04, 2022 3:23:09 PM org.eclipse.lsp4j.jsonrpc.RemoteEndpoint handleNotification
WARNING: Notification threw an exception: {
  "jsonrpc": "2.0",
  "method": "build/publishDiagnostics",
  "params": {
    "textDocument": {
      "uri": "file:///D:/o2assignment/DataDashboard_1022029/src/main/scala/FileHandler.scala"
    },
    "buildTarget": {
      "uri": "file:/D:/o2assignment/DataDashboard_1022029/?id\u003ddatadashboard_1022029"
    },
    "diagnostics": [
      {
        "range": {
          "start": {
            "line": 300,
            "character": 22
          },
          "end": {
            "line": 300,
            "character": 35
          }
        },
        "severity": 2,
        "source": "bloop",
        "message": "Auto-application to `()` is deprecated. Supply the empty argument list `()` explicitly to invoke method getLines,\nor remove the empty argument list from its definition (Java-defined methods are exempt).\nIn Scala 3, an unapplied method like this will be eta-expanded into a function."
      }
    ],
    "reset": true
  }
}
java.lang.RuntimeException: java.lang.reflect.InvocationTargetException
	at org.eclipse.lsp4j.jsonrpc.services.GenericEndpoint.lambda$null$0(GenericEndpoint.java:67)
	at org.eclipse.lsp4j.jsonrpc.services.GenericEndpoint.notify(GenericEndpoint.java:152)
	at org.eclipse.lsp4j.jsonrpc.RemoteEndpoint.handleNotification(RemoteEndpoint.java:220)
	at org.eclipse.lsp4j.jsonrpc.RemoteEndpoint.consume(RemoteEndpoint.java:187)
	at org.eclipse.lsp4j.jsonrpc.json.StreamMessageProducer.handleMessage(StreamMessageProducer.java:194)
	at org.eclipse.lsp4j.jsonrpc.json.StreamMessageProducer.listen(StreamMessageProducer.java:94)
	at org.eclipse.lsp4j.jsonrpc.json.ConcurrentMessageProcessor.run(ConcurrentMessageProcessor.java:113)
	at java.base/java.util.concurrent.Executors$RunnableAdapter.call(Executors.java:515)
	at java.base/java.util.concurrent.FutureTask.run(FutureTask.java:264)
	at java.base/java.util.concurrent.ThreadPoolExecutor.runWorker(ThreadPoolExecutor.java:1128)
	at java.base/java.util.concurrent.ThreadPoolExecutor$Worker.run(ThreadPoolExecutor.java:628)
	at java.base/java.lang.Thread.run(Thread.java:829)
Caused by: java.lang.reflect.InvocationTargetException
	at java.base/jdk.internal.reflect.NativeMethodAccessorImpl.invoke0(Native Method)
	at java.base/jdk.internal.reflect.NativeMethodAccessorImpl.invoke(NativeMethodAccessorImpl.java:62)
	at java.base/jdk.internal.reflect.DelegatingMethodAccessorImpl.invoke(DelegatingMethodAccessorImpl.java:43)
	at java.base/java.lang.reflect.Method.invoke(Method.java:566)
	at org.eclipse.lsp4j.jsonrpc.services.GenericEndpoint.lambda$null$0(GenericEndpoint.java:65)
	... 11 more
Caused by: java.lang.NoClassDefFoundError: difflib/myers/Equalizer
	at scala.meta.internal.parsing.TokenOps$.<clinit>(TokenOps.scala:21)
	at scala.meta.internal.parsing.TokenEditDistance$.$anonfun$apply$5(TokenEditDistance.scala:386)
	at scala.Option.map(Option.scala:242)
	at scala.meta.internal.parsing.TokenEditDistance$.$anonfun$apply$4(TokenEditDistance.scala:384)
	at scala.Option.flatMap(Option.scala:283)
	at scala.meta.internal.parsing.TokenEditDistance$.apply(TokenEditDistance.scala:383)
	at scala.meta.internal.metals.Diagnostics.publishDiagnostics(Diagnostics.scala:216)
	at scala.meta.internal.metals.Diagnostics.onPublishDiagnostics(Diagnostics.scala:169)
	at scala.meta.internal.metals.Diagnostics.onBuildPublishDiagnostics(Diagnostics.scala:136)
	at scala.meta.internal.metals.clients.language.ForwardingMetalsBuildClient.onBuildPublishDiagnostics(ForwardingMetalsBuildClient.scala:109)
	... 16 more
Caused by: java.lang.ClassNotFoundException: difflib.myers.Equalizer
	at java.base/jdk.internal.loader.BuiltinClassLoader.loadClass(BuiltinClassLoader.java:581)
	at java.base/jdk.internal.loader.ClassLoaders$AppClassLoader.loadClass(ClassLoaders.java:178)
	at java.base/java.lang.ClassLoader.loadClass(ClassLoader.java:522)
	... 26 more

May 04, 2022 3:23:09 PM org.eclipse.lsp4j.jsonrpc.RemoteEndpoint handleNotification
WARNING: Notification threw an exception: {
  "jsonrpc": "2.0",
  "method": "build/publishDiagnostics",
  "params": {
    "textDocument": {
      "uri": "file:///D:/o2assignment/DataDashboard_1022029/src/main/scala/FileHandler.scala"
    },
    "buildTarget": {
      "uri": "file:/D:/o2assignment/DataDashboard_1022029/?id\u003ddatadashboard_1022029"
    },
    "diagnostics": [
      {
        "range": {
          "start": {
            "line": 300,
            "character": 22
          },
          "end": {
            "line": 300,
            "character": 35
          }
        },
        "severity": 2,
        "source": "bloop",
        "message": "Auto-application to `()` is deprecated. Supply the empty argument list `()` explicitly to invoke method getLines,\nor remove the empty argument list from its definition (Java-defined methods are exempt).\nIn Scala 3, an unapplied method like this will be eta-expanded into a function."
      }
    ],
    "reset": true
  }
}
java.lang.RuntimeException: java.lang.reflect.InvocationTargetException
	at org.eclipse.lsp4j.jsonrpc.services.GenericEndpoint.lambda$null$0(GenericEndpoint.java:67)
	at org.eclipse.lsp4j.jsonrpc.services.GenericEndpoint.notify(GenericEndpoint.java:152)
	at org.eclipse.lsp4j.jsonrpc.RemoteEndpoint.handleNotification(RemoteEndpoint.java:220)
	at org.eclipse.lsp4j.jsonrpc.RemoteEndpoint.consume(RemoteEndpoint.java:187)
	at org.eclipse.lsp4j.jsonrpc.json.StreamMessageProducer.handleMessage(StreamMessageProducer.java:194)
	at org.eclipse.lsp4j.jsonrpc.json.StreamMessageProducer.listen(StreamMessageProducer.java:94)
	at org.eclipse.lsp4j.jsonrpc.json.ConcurrentMessageProcessor.run(ConcurrentMessageProcessor.java:113)
	at java.base/java.util.concurrent.Executors$RunnableAdapter.call(Executors.java:515)
	at java.base/java.util.concurrent.FutureTask.run(FutureTask.java:264)
	at java.base/java.util.concurrent.ThreadPoolExecutor.runWorker(ThreadPoolExecutor.java:1128)
	at java.base/java.util.concurrent.ThreadPoolExecutor$Worker.run(ThreadPoolExecutor.java:628)
	at java.base/java.lang.Thread.run(Thread.java:829)
Caused by: java.lang.reflect.InvocationTargetException
	at java.base/jdk.internal.reflect.NativeMethodAccessorImpl.invoke0(Native Method)
	at java.base/jdk.internal.reflect.NativeMethodAccessorImpl.invoke(NativeMethodAccessorImpl.java:62)
	at java.base/jdk.internal.reflect.DelegatingMethodAccessorImpl.invoke(DelegatingMethodAccessorImpl.java:43)
	at java.base/java.lang.reflect.Method.invoke(Method.java:566)
	at org.eclipse.lsp4j.jsonrpc.services.GenericEndpoint.lambda$null$0(GenericEndpoint.java:65)
	... 11 more
Caused by: java.lang.NoClassDefFoundError: Could not initialize class scala.meta.internal.parsing.TokenOps$
	at scala.meta.internal.parsing.TokenEditDistance$.$anonfun$apply$5(TokenEditDistance.scala:386)
	at scala.Option.map(Option.scala:242)
	at scala.meta.internal.parsing.TokenEditDistance$.$anonfun$apply$4(TokenEditDistance.scala:384)
	at scala.Option.flatMap(Option.scala:283)
	at scala.meta.internal.parsing.TokenEditDistance$.apply(TokenEditDistance.scala:383)
	at scala.meta.internal.metals.Diagnostics.publishDiagnostics(Diagnostics.scala:216)
	at scala.meta.internal.metals.Diagnostics.onPublishDiagnostics(Diagnostics.scala:169)
	at scala.meta.internal.metals.Diagnostics.onBuildPublishDiagnostics(Diagnostics.scala:136)
	at scala.meta.internal.metals.clients.language.ForwardingMetalsBuildClient.onBuildPublishDiagnostics(ForwardingMetalsBuildClient.scala:109)
	... 16 more

May 04, 2022 3:23:11 PM org.eclipse.lsp4j.jsonrpc.RemoteEndpoint fallbackResponseError
SEVERE: Internal error: scala.meta.internal.metals.debug.DebugProvider$SemanticDbNotFoundException$: Build misconfiguration. No semanticdb can be found for you file, please check the doctor.
java.util.concurrent.CompletionException: scala.meta.internal.metals.debug.DebugProvider$SemanticDbNotFoundException$: Build misconfiguration. No semanticdb can be found for you file, please check the doctor.
	at java.base/java.util.concurrent.CompletableFuture.encodeThrowable(CompletableFuture.java:331)
	at java.base/java.util.concurrent.CompletableFuture.uniAcceptNow(CompletableFuture.java:743)
	at java.base/java.util.concurrent.CompletableFuture.uniAcceptStage(CompletableFuture.java:731)
	at java.base/java.util.concurrent.CompletableFuture.thenAcceptAsync(CompletableFuture.java:2112)
	at scala.concurrent.java8.FuturesConvertersImpl$CF.thenAccept(FutureConvertersImpl.scala:37)
	at org.eclipse.lsp4j.jsonrpc.RemoteEndpoint.handleRequest(RemoteEndpoint.java:279)
	at org.eclipse.lsp4j.jsonrpc.RemoteEndpoint.consume(RemoteEndpoint.java:190)
	at org.eclipse.lsp4j.jsonrpc.json.StreamMessageProducer.handleMessage(StreamMessageProducer.java:194)
	at org.eclipse.lsp4j.jsonrpc.json.StreamMessageProducer.listen(StreamMessageProducer.java:94)
	at org.eclipse.lsp4j.jsonrpc.json.ConcurrentMessageProcessor.run(ConcurrentMessageProcessor.java:113)
	at java.base/java.util.concurrent.Executors$RunnableAdapter.call(Executors.java:515)
	at java.base/java.util.concurrent.FutureTask.run(FutureTask.java:264)
	at java.base/java.util.concurrent.ThreadPoolExecutor.runWorker(ThreadPoolExecutor.java:1128)
	at java.base/java.util.concurrent.ThreadPoolExecutor$Worker.run(ThreadPoolExecutor.java:628)
	at java.base/java.lang.Thread.run(Thread.java:829)
Caused by: scala.meta.internal.metals.debug.DebugProvider$SemanticDbNotFoundException$: Build misconfiguration. No semanticdb can be found for you file, please check the doctor.
	at scala.meta.internal.metals.debug.DebugProvider$SemanticDbNotFoundException$.<clinit>(DebugProvider.scala:849)
	at scala.meta.internal.metals.debug.DebugProvider.$anonfun$resolveInFile$1(DebugProvider.scala:319)
	at scala.Option.fold(Option.scala:263)
	at scala.meta.internal.metals.debug.DebugProvider.resolveInFile(DebugProvider.scala:320)
	at scala.meta.internal.metals.debug.DebugProvider.debugDiscovery(DebugProvider.scala:404)
	at scala.meta.internal.metals.MetalsLanguageServer.executeCommand(MetalsLanguageServer.scala:1853)
	at java.base/jdk.internal.reflect.NativeMethodAccessorImpl.invoke0(Native Method)
	at java.base/jdk.internal.reflect.NativeMethodAccessorImpl.invoke(NativeMethodAccessorImpl.java:62)
	at java.base/jdk.internal.reflect.DelegatingMethodAccessorImpl.invoke(DelegatingMethodAccessorImpl.java:43)
	at java.base/java.lang.reflect.Method.invoke(Method.java:566)
	at org.eclipse.lsp4j.jsonrpc.services.GenericEndpoint.lambda$null$0(GenericEndpoint.java:65)
	at org.eclipse.lsp4j.jsonrpc.services.GenericEndpoint.request(GenericEndpoint.java:120)
	at org.eclipse.lsp4j.jsonrpc.RemoteEndpoint.handleRequest(RemoteEndpoint.java:261)
	... 9 more

May 04, 2022 3:23:12 PM org.eclipse.lsp4j.jsonrpc.RemoteEndpoint handleNotification
WARNING: Notification threw an exception: {
  "jsonrpc": "2.0",
  "method": "build/taskFinish",
  "params": {
    "taskId": {
      "id": "1"
    },
    "eventTime": 1651666992887,
    "message": "Compiled \u0027datadashboard_1022029\u0027",
    "status": 1,
    "dataKind": "compile-report",
    "data": {
      "target": {
        "uri": "file:/D:/o2assignment/DataDashboard_1022029/?id\u003ddatadashboard_1022029"
      },
      "errors": 0,
      "warnings": 2,
      "isNoOp": false,
      "isLastCycle": true,
      "clientDir": "file:///D:/o2assignment/DataDashboard_1022029/.bloop/datadashboard_1022029/bloop-bsp-clients-classes/classes-Metals-NqJXi3f-TCixc8qed995yQ\u003d\u003d/",
      "analysisOut": "file:///D:/o2assignment/DataDashboard_1022029/.bloop/datadashboard_1022029/datadashboard_1022029-analysis.bin"
    }
  }
}
java.lang.RuntimeException: java.lang.reflect.InvocationTargetException
	at org.eclipse.lsp4j.jsonrpc.services.GenericEndpoint.lambda$null$0(GenericEndpoint.java:67)
	at org.eclipse.lsp4j.jsonrpc.services.GenericEndpoint.notify(GenericEndpoint.java:152)
	at org.eclipse.lsp4j.jsonrpc.RemoteEndpoint.handleNotification(RemoteEndpoint.java:220)
	at org.eclipse.lsp4j.jsonrpc.RemoteEndpoint.consume(RemoteEndpoint.java:187)
	at org.eclipse.lsp4j.jsonrpc.json.StreamMessageProducer.handleMessage(StreamMessageProducer.java:194)
	at org.eclipse.lsp4j.jsonrpc.json.StreamMessageProducer.listen(StreamMessageProducer.java:94)
	at org.eclipse.lsp4j.jsonrpc.json.ConcurrentMessageProcessor.run(ConcurrentMessageProcessor.java:113)
	at java.base/java.util.concurrent.Executors$RunnableAdapter.call(Executors.java:515)
	at java.base/java.util.concurrent.FutureTask.run(FutureTask.java:264)
	at java.base/java.util.concurrent.ThreadPoolExecutor.runWorker(ThreadPoolExecutor.java:1128)
	at java.base/java.util.concurrent.ThreadPoolExecutor$Worker.run(ThreadPoolExecutor.java:628)
	at java.base/java.lang.Thread.run(Thread.java:829)
Caused by: java.lang.reflect.InvocationTargetException
	at java.base/jdk.internal.reflect.NativeMethodAccessorImpl.invoke0(Native Method)
	at java.base/jdk.internal.reflect.NativeMethodAccessorImpl.invoke(NativeMethodAccessorImpl.java:62)
	at java.base/jdk.internal.reflect.DelegatingMethodAccessorImpl.invoke(DelegatingMethodAccessorImpl.java:43)
	at java.base/java.lang.reflect.Method.invoke(Method.java:566)
	at org.eclipse.lsp4j.jsonrpc.services.GenericEndpoint.lambda$null$0(GenericEndpoint.java:65)
	... 11 more
Caused by: java.lang.NoClassDefFoundError: Could not initialize class scala.meta.internal.parsing.TokenOps$
	at scala.meta.internal.parsing.TokenEditDistance$.$anonfun$apply$5(TokenEditDistance.scala:386)
	at scala.Option.map(Option.scala:242)
	at scala.meta.internal.parsing.TokenEditDistance$.$anonfun$apply$4(TokenEditDistance.scala:384)
	at scala.Option.flatMap(Option.scala:283)
	at scala.meta.internal.parsing.TokenEditDistance$.apply(TokenEditDistance.scala:383)
	at scala.meta.internal.metals.Diagnostics.publishDiagnostics(Diagnostics.scala:216)
	at scala.meta.internal.metals.Diagnostics.publishDiagnostics(Diagnostics.scala:178)
	at scala.meta.internal.metals.Diagnostics.$anonfun$publishDiagnosticsBuffer$1(Diagnostics.scala:243)
	at scala.meta.internal.metals.Diagnostics.$anonfun$publishDiagnosticsBuffer$1$adapted(Diagnostics.scala:243)
	at scala.collection.mutable.HashSet$Node.foreach(HashSet.scala:435)
	at scala.collection.mutable.HashSet.foreach(HashSet.scala:361)
	at scala.meta.internal.metals.Diagnostics.publishDiagnosticsBuffer(Diagnostics.scala:243)
	at scala.meta.internal.metals.Diagnostics.onFinishCompileBuildTarget(Diagnostics.scala:86)
	at scala.meta.internal.metals.clients.language.ForwardingMetalsBuildClient.$anonfun$buildTaskFinish$2(ForwardingMetalsBuildClient.scala:159)
	at scala.Option.foreach(Option.scala:437)
	at scala.meta.internal.metals.clients.language.ForwardingMetalsBuildClient.$anonfun$buildTaskFinish$1(ForwardingMetalsBuildClient.scala:157)
	at scala.meta.internal.metals.clients.language.ForwardingMetalsBuildClient.$anonfun$buildTaskFinish$1$adapted(ForwardingMetalsBuildClient.scala:156)
	at scala.Option.foreach(Option.scala:437)
	at scala.meta.internal.metals.clients.language.ForwardingMetalsBuildClient.buildTaskFinish(ForwardingMetalsBuildClient.scala:156)
	... 16 more

May 04, 2022 3:23:20 PM org.eclipse.lsp4j.jsonrpc.RemoteEndpoint fallbackResponseError
SEVERE: Internal error: scala.meta.internal.metals.debug.DebugProvider$NoRunOptionException$: There is nothing to run or test in the current file.
java.util.concurrent.CompletionException: scala.meta.internal.metals.debug.DebugProvider$NoRunOptionException$: There is nothing to run or test in the current file.
	at java.base/java.util.concurrent.CompletableFuture.encodeThrowable(CompletableFuture.java:331)
	at java.base/java.util.concurrent.CompletableFuture.uniAcceptNow(CompletableFuture.java:743)
	at java.base/java.util.concurrent.CompletableFuture.uniAcceptStage(CompletableFuture.java:731)
	at java.base/java.util.concurrent.CompletableFuture.thenAcceptAsync(CompletableFuture.java:2112)
	at scala.concurrent.java8.FuturesConvertersImpl$CF.thenAccept(FutureConvertersImpl.scala:37)
	at org.eclipse.lsp4j.jsonrpc.RemoteEndpoint.handleRequest(RemoteEndpoint.java:279)
	at org.eclipse.lsp4j.jsonrpc.RemoteEndpoint.consume(RemoteEndpoint.java:190)
	at org.eclipse.lsp4j.jsonrpc.json.StreamMessageProducer.handleMessage(StreamMessageProducer.java:194)
	at org.eclipse.lsp4j.jsonrpc.json.StreamMessageProducer.listen(StreamMessageProducer.java:94)
	at org.eclipse.lsp4j.jsonrpc.json.ConcurrentMessageProcessor.run(ConcurrentMessageProcessor.java:113)
	at java.base/java.util.concurrent.Executors$RunnableAdapter.call(Executors.java:515)
	at java.base/java.util.concurrent.FutureTask.run(FutureTask.java:264)
	at java.base/java.util.concurrent.ThreadPoolExecutor.runWorker(ThreadPoolExecutor.java:1128)
	at java.base/java.util.concurrent.ThreadPoolExecutor$Worker.run(ThreadPoolExecutor.java:628)
	at java.base/java.lang.Thread.run(Thread.java:829)
Caused by: scala.meta.internal.metals.debug.DebugProvider$NoRunOptionException$: There is nothing to run or test in the current file.
	at scala.meta.internal.metals.debug.DebugProvider$NoRunOptionException$.<clinit>(DebugProvider.scala:845)
	at scala.meta.internal.metals.debug.DebugProvider.$anonfun$resolveInFile$2(DebugProvider.scala:349)
	at scala.Option.fold(Option.scala:263)
	at scala.meta.internal.metals.debug.DebugProvider.resolveInFile(DebugProvider.scala:320)
	at scala.meta.internal.metals.debug.DebugProvider.debugDiscovery(DebugProvider.scala:404)
	at scala.meta.internal.metals.MetalsLanguageServer.executeCommand(MetalsLanguageServer.scala:1853)
	at java.base/jdk.internal.reflect.NativeMethodAccessorImpl.invoke0(Native Method)
	at java.base/jdk.internal.reflect.NativeMethodAccessorImpl.invoke(NativeMethodAccessorImpl.java:62)
	at java.base/jdk.internal.reflect.DelegatingMethodAccessorImpl.invoke(DelegatingMethodAccessorImpl.java:43)
	at java.base/java.lang.reflect.Method.invoke(Method.java:566)
	at org.eclipse.lsp4j.jsonrpc.services.GenericEndpoint.lambda$null$0(GenericEndpoint.java:65)
	at org.eclipse.lsp4j.jsonrpc.services.GenericEndpoint.request(GenericEndpoint.java:120)
	at org.eclipse.lsp4j.jsonrpc.RemoteEndpoint.handleRequest(RemoteEndpoint.java:261)
	... 9 more

2022.05.04 15:23:30 INFO  tracing is disabled for protocol dap-server, to enable tracing of incoming and outgoing JSON messages create an empty file at D:\o2assignment\DataDashboard_1022029\.metals\dap-server.trace.json or C:\Users\Hung Nguyen\AppData\Local\scalameta\metals\cache\dap-server.trace.json
2022.05.04 15:23:30 INFO  tracing is disabled for protocol dap-client, to enable tracing of incoming and outgoing JSON messages create an empty file at D:\o2assignment\DataDashboard_1022029\.metals\dap-client.trace.json or C:\Users\Hung Nguyen\AppData\Local\scalameta\metals\cache\dap-client.trace.json
2022.05.04 15:23:31 INFO  Starting debug proxy for [Main]
2022.05.04 15:23:33 INFO  Trying to attach to remote debuggee VM kubernetes.docker.internal:53900 .
2022.05.04 15:23:33 INFO  Attaching to debuggee VM succeeded.
2022.05.04 15:25:00 INFO  Canceling debug proxy for [Main]
2022.05.04 15:25:00 INFO  Closing debug server tcp://0.0.0.0:53896
2022.05.04 15:25:01 INFO  shutting down Metals
2022.05.04 15:25:01 INFO  Shut down connection with build server.
2022.05.04 15:25:01 INFO  Shut down connection with build server.
2022.05.04 15:35:28 INFO  tracing is disabled for protocol LSP, to enable tracing of incoming and outgoing JSON messages create an empty file at d:\o2assignment\DataDashboard_1022029\.metals\lsp.trace.json or C:\Users\Hung Nguyen\AppData\Local\scalameta\metals\cache\lsp.trace.json
2022.05.04 15:35:29 INFO  logging to file D:\o2assignment\DataDashboard_1022029\.metals\metals.log
2022.05.04 15:35:29 INFO  Started: Metals version 0.11.5 in workspace 'D:\o2assignment\DataDashboard_1022029' for client Visual Studio Code 1.66.2.
2022.05.04 15:35:31 INFO  time: initialize in 1.87s
2022.05.04 15:35:31 WARN  Flyway upgrade recommended: H2 2.1.212 is newer than this version of Flyway and support has not been tested. The latest supported version of H2 is 2.1.210.
2022.05.04 15:35:32 INFO  Attempting to connect to the build server...
2022.05.04 15:35:31 INFO  skipping build import with status 'Installed'
2022.05.04 15:35:32 INFO  tracing is disabled for protocol BSP, to enable tracing of incoming and outgoing JSON messages create an empty file at D:\o2assignment\DataDashboard_1022029\.metals\bsp.trace.json or C:\Users\Hung Nguyen\AppData\Local\scalameta\metals\cache\bsp.trace.json
2022.05.04 15:35:32 INFO  Attempting to connect to the build server...
2022.05.04 15:35:32 INFO  tracing is disabled for protocol BSP, to enable tracing of incoming and outgoing JSON messages create an empty file at D:\o2assignment\DataDashboard_1022029\project\.metals\bsp.trace.json or C:\Users\Hung Nguyen\AppData\Local\scalameta\metals\cache\bsp.trace.json
2022.05.04 15:35:32 INFO  time: Connected to build server in 0.31s
2022.05.04 15:35:32 INFO  Connected to Build server: Bloop v1.5.0
2022.05.04 15:35:32 INFO  time: Imported build in 0.14s
2022.05.04 15:35:36 INFO  shutting down Metals
2022.05.04 15:35:36 INFO  Shut down connection with build server.
2022.05.04 15:35:36 INFO  Shut down connection with build server.
2022.08.17 11:24:43 INFO  tracing is disabled for protocol LSP, to enable tracing of incoming and outgoing JSON messages create an empty file at d:\ProgrammingStudio\DataDashboard_1022029\.metals\lsp.trace.json or C:\Users\Hung Nguyen\AppData\Local\scalameta\metals\cache\lsp.trace.json
2022.08.17 11:24:44 INFO  logging to file D:\ProgrammingStudio\DataDashboard_1022029\.metals\metals.log
2022.08.17 11:24:44 INFO  Started: Metals version 0.11.8 in workspace 'D:\ProgrammingStudio\DataDashboard_1022029' for client Visual Studio Code 1.70.1.
2022.08.17 11:24:45 WARN  Flyway upgrade recommended: H2 2.1.214 is newer than this version of Flyway and support has not been tested. The latest supported version of H2 is 2.1.210.
2022.08.17 11:24:45 INFO  time: initialize in 1.36s
2022.08.17 11:24:46 INFO  Attempting to connect to the build server...
2022.08.17 11:24:46 INFO  Setting up current java home C:\Program Files\Eclipse Adoptium\jdk-11.0.14.101-hotspot in C:\Users\Hung Nguyen\.bloop\bloop.json
2022.08.17 11:24:49 INFO  running 'C:\Program Files\Eclipse Adoptium\jdk-11.0.14.101-hotspot\bin\java -Djline.terminal=jline.UnsupportedTerminal -Dsbt.log.noformat=true -Dfile.encoding=UTF-8 -jar C:\Users\HUNGNG~1\AppData\Local\Temp\metals15698103566394912623\sbt-launch.jar -Dbloop.export-jar-classifiers=sources bloopInstall'
2022.08.17 11:24:52 INFO  [info] welcome to sbt 1.3.13 (Eclipse Adoptium Java 11.0.14.1)
2022.08.17 11:24:52 INFO  tracing is disabled for protocol BSP, to enable tracing of incoming and outgoing JSON messages create an empty file at D:\ProgrammingStudio\DataDashboard_1022029\.metals\bsp.trace.json or C:\Users\Hung Nguyen\AppData\Local\scalameta\metals\cache\bsp.trace.json
2022.08.17 11:24:53 INFO  [info] loading global plugins from C:\Users\Hung Nguyen\.sbt\1.0\plugins
2022.08.17 11:24:56 INFO  [info] loading settings for project datadashboard_1022029-build-build from metals.sbt ...
2022.08.17 11:24:56 INFO  [info] loading project definition from D:\ProgrammingStudio\DataDashboard_1022029\project\project
2022.08.17 11:24:56 INFO  Attempting to connect to the build server...
2022.08.17 11:24:56 INFO  Bloop uses C:\Program Files\Eclipse Adoptium\jdk-11.0.14.101-hotspot defined at C:\Users\Hung Nguyen\.bloop\bloop.json
2022.08.17 11:24:56 INFO  tracing is disabled for protocol BSP, to enable tracing of incoming and outgoing JSON messages create an empty file at D:\ProgrammingStudio\DataDashboard_1022029\project\.metals\bsp.trace.json or C:\Users\Hung Nguyen\AppData\Local\scalameta\metals\cache\bsp.trace.json
2022.08.17 11:24:58 INFO  [info] loading settings for project datadashboard_1022029-build from metals.sbt ...
2022.08.17 11:24:58 INFO  [info] loading project definition from D:\ProgrammingStudio\DataDashboard_1022029\project
2022.08.17 11:24:58 INFO  time: Connected to build server in 11s
2022.08.17 11:24:58 INFO  Connected to Build server: Bloop v1.5.3
2022.08.17 11:24:58 INFO  time: Imported build in 0.18s
2022.08.17 11:25:00 INFO  [success] Generated .bloop\datadashboard_1022029-build.json
2022.08.17 11:25:00 INFO  [success] Total time: 2 s, completed Aug 17, 2022, 11:25:00 AM
2022.08.17 11:25:02 INFO  [info] loading settings for project datadashboard_1022029 from build.sbt ...
2022.08.17 11:25:02 INFO  [info] set current project to Project (in build file:/D:/ProgrammingStudio/DataDashboard_1022029/)
2022.08.17 11:25:02 INFO  [success] Generated .bloop\datadashboard_1022029.json
2022.08.17 11:25:02 INFO  [success] Generated .bloop\datadashboard_1022029-test.json
2022.08.17 11:25:02 INFO  [success] Total time: 0 s, completed Aug 17, 2022, 11:25:03 AM
2022.08.17 11:25:03 INFO  time: ran 'sbt bloopInstall' in 14s
2022.08.17 11:25:03 INFO  Disconnecting from Bloop session...
2022.08.17 11:25:03 INFO  Shut down connection with build server.
2022.08.17 11:25:03 INFO  Shut down connection with build server.
2022.08.17 11:25:03 INFO  Attempting to connect to the build server...
2022.08.17 11:25:03 INFO  Bloop uses C:\Program Files\Eclipse Adoptium\jdk-11.0.14.101-hotspot defined at C:\Users\Hung Nguyen\.bloop\bloop.json
2022.08.17 11:25:03 INFO  tracing is disabled for protocol BSP, to enable tracing of incoming and outgoing JSON messages create an empty file at D:\ProgrammingStudio\DataDashboard_1022029\.metals\bsp.trace.json or C:\Users\Hung Nguyen\AppData\Local\scalameta\metals\cache\bsp.trace.json
2022.08.17 11:25:03 INFO  Attempting to connect to the build server...
2022.08.17 11:25:03 INFO  Bloop uses C:\Program Files\Eclipse Adoptium\jdk-11.0.14.101-hotspot defined at C:\Users\Hung Nguyen\.bloop\bloop.json
2022.08.17 11:25:03 INFO  tracing is disabled for protocol BSP, to enable tracing of incoming and outgoing JSON messages create an empty file at D:\ProgrammingStudio\DataDashboard_1022029\project\.metals\bsp.trace.json or C:\Users\Hung Nguyen\AppData\Local\scalameta\metals\cache\bsp.trace.json
2022.08.17 11:25:03 INFO  time: Connected to build server in 0.14s
2022.08.17 11:25:03 INFO  Connected to Build server: Bloop v1.5.3
2022.08.17 11:25:05 INFO  time: indexed workspace in 6.51s
2022.08.17 11:25:05 INFO  time: indexed workspace in 2.39s
2022.08.17 11:29:45 ERROR No project associated with Uri(file:/D:/ProgrammingStudio/DataDashboard_1022029/?id=datadashboard_1022029)
2022.08.17 11:29:45 ERROR No project associated with Uri(file:/D:/ProgrammingStudio/DataDashboard_1022029/?id=datadashboard_1022029)
2022.08.17 11:29:45 ERROR No project associated with Uri(file:/D:/ProgrammingStudio/DataDashboard_1022029/?id=datadashboard_1022029)
Aug 17, 2022 11:29:45 AM org.eclipse.lsp4j.jsonrpc.services.GenericEndpoint notify
INFO: Unsupported notification method: $/setTrace
